<?xml version="1.0" encoding="UTF-8"?>
<!-- Generated by org.testng.reporters.JUnitXMLReporter -->
<testsuite ignored="0" hostname="AFZAL" failures="4" tests="6" name="firefoxTest" time="127.526" errors="0" timestamp="2024-10-23T23:54:55 IST">
  <testcase classname="TestCases.TC001_SD_LoginTestDDT" name="loginTest" time="0.936"/>
  <testcase classname="TestCases.TC001_SD_LoginTestDDT" name="loginTest" time="0.33">
    <failure type="java.lang.AssertionError" message="null">
      <![CDATA[java.lang.AssertionError: null
at TestCases.TC001_SD_LoginTestDDT.loginTest(TC001_SD_LoginTestDDT.java:44)
at java.base/java.util.ArrayList.forEach(ArrayList.java:1511)
at java.base/java.util.concurrent.FutureTask.run(FutureTask.java:264)
at java.base/java.util.concurrent.ThreadPoolExecutor.runWorker(ThreadPoolExecutor.java:1136)
at java.base/java.util.concurrent.ThreadPoolExecutor$Worker.run(ThreadPoolExecutor.java:635)
at java.base/java.lang.Thread.run(Thread.java:840)
... Removed 19 stack frames]]>
    </failure>
  </testcase> <!-- loginTest -->
  <testcase classname="TestCases.TC001_SD_LoginTestDDT" name="loginTest" time="0.419">
    <failure type="java.lang.AssertionError" message="null">
      <![CDATA[java.lang.AssertionError: null
at TestCases.TC001_SD_LoginTestDDT.loginTest(TC001_SD_LoginTestDDT.java:44)
at java.base/java.util.ArrayList.forEach(ArrayList.java:1511)
at java.base/java.util.concurrent.FutureTask.run(FutureTask.java:264)
at java.base/java.util.concurrent.ThreadPoolExecutor.runWorker(ThreadPoolExecutor.java:1136)
at java.base/java.util.concurrent.ThreadPoolExecutor$Worker.run(ThreadPoolExecutor.java:635)
at java.base/java.lang.Thread.run(Thread.java:840)
... Removed 19 stack frames]]>
    </failure>
  </testcase> <!-- loginTest -->
  <testcase classname="TestCases.TC001_SD_LoginTestDDT" name="loginTest" time="0.381">
    <failure type="java.lang.AssertionError" message="null">
      <![CDATA[java.lang.AssertionError: null
at TestCases.TC001_SD_LoginTestDDT.loginTest(TC001_SD_LoginTestDDT.java:44)
at java.base/java.util.ArrayList.forEach(ArrayList.java:1511)
at java.base/java.util.concurrent.FutureTask.run(FutureTask.java:264)
at java.base/java.util.concurrent.ThreadPoolExecutor.runWorker(ThreadPoolExecutor.java:1136)
at java.base/java.util.concurrent.ThreadPoolExecutor$Worker.run(ThreadPoolExecutor.java:635)
at java.base/java.lang.Thread.run(Thread.java:840)
... Removed 19 stack frames]]>
    </failure>
  </testcase> <!-- loginTest -->
  <testcase classname="TestCases.TC001_SD_LoginTestDDT" name="loginTest" time="0.292">
    <failure type="java.lang.AssertionError" message="null">
      <![CDATA[java.lang.AssertionError: null
at TestCases.TC001_SD_LoginTestDDT.loginTest(TC001_SD_LoginTestDDT.java:44)
at java.base/java.util.ArrayList.forEach(ArrayList.java:1511)
at java.base/java.util.concurrent.FutureTask.run(FutureTask.java:264)
at java.base/java.util.concurrent.ThreadPoolExecutor.runWorker(ThreadPoolExecutor.java:1136)
at java.base/java.util.concurrent.ThreadPoolExecutor$Worker.run(ThreadPoolExecutor.java:635)
at java.base/java.lang.Thread.run(Thread.java:840)
... Removed 19 stack frames]]>
    </failure>
  </testcase> <!-- loginTest -->
  <testcase classname="TestCases.TC002_SD_PurchaseTest" name="PurchaseTest" time="1.995"/>
</testsuite> <!-- firefoxTest -->
