<?xml version="1.0" encoding="UTF-8"?>
<!-- Generated by org.testng.reporters.JUnitXMLReporter -->
<testsuite ignored="0" hostname="AFZAL" failures="4" tests="5" name="Test" time="5.92" errors="0" timestamp="2024-10-22T00:11:08 IST">
  <testcase classname="TestCases.TC001_SD_LoginTestDDT" name="loginTest" time="0.595"/>
  <testcase classname="TestCases.TC001_SD_LoginTestDDT" name="loginTest" time="0.336">
    <failure type="java.lang.AssertionError" message="null">
      <![CDATA[java.lang.AssertionError: null
at TestCases.TC001_SD_LoginTestDDT.loginTest(TC001_SD_LoginTestDDT.java:44)
at java.base/java.util.ArrayList.forEach(ArrayList.java:1511)
... Removed 29 stack frames]]>
    </failure>
  </testcase> <!-- loginTest -->
  <testcase classname="TestCases.TC001_SD_LoginTestDDT" name="loginTest" time="0.317">
    <failure type="java.lang.AssertionError" message="null">
      <![CDATA[java.lang.AssertionError: null
at TestCases.TC001_SD_LoginTestDDT.loginTest(TC001_SD_LoginTestDDT.java:44)
at java.base/java.util.ArrayList.forEach(ArrayList.java:1511)
... Removed 29 stack frames]]>
    </failure>
  </testcase> <!-- loginTest -->
  <testcase classname="TestCases.TC001_SD_LoginTestDDT" name="loginTest" time="0.255">
    <failure type="java.lang.AssertionError" message="null">
      <![CDATA[java.lang.AssertionError: null
at TestCases.TC001_SD_LoginTestDDT.loginTest(TC001_SD_LoginTestDDT.java:44)
at java.base/java.util.ArrayList.forEach(ArrayList.java:1511)
... Removed 29 stack frames]]>
    </failure>
  </testcase> <!-- loginTest -->
  <testcase classname="TestCases.TC001_SD_LoginTestDDT" name="loginTest" time="0.193">
    <failure type="java.lang.AssertionError" message="null">
      <![CDATA[java.lang.AssertionError: null
at TestCases.TC001_SD_LoginTestDDT.loginTest(TC001_SD_LoginTestDDT.java:44)
at java.base/java.util.ArrayList.forEach(ArrayList.java:1511)
... Removed 29 stack frames]]>
    </failure>
  </testcase> <!-- loginTest -->
</testsuite> <!-- Test -->
